[debug] [2023-02-21T10:57:09.069Z] ----------------------------------------------------------------------
[debug] [2023-02-21T10:57:09.071Z] Command:       C:\Program Files\nodejs\node.exe C:\Users\seoya\AppData\Roaming\npm\node_modules\firebase-tools\lib\bin\firebase.js deploy
[debug] [2023-02-21T10:57:09.071Z] CLI Version:   10.1.4
[debug] [2023-02-21T10:57:09.071Z] Platform:      win32
[debug] [2023-02-21T10:57:09.071Z] Node Version:  v16.13.1
[debug] [2023-02-21T10:57:09.073Z] Time:          Tue Feb 21 2023 19:57:09 GMT+0900 (대한민국 표준시)
[debug] [2023-02-21T10:57:09.073Z] ----------------------------------------------------------------------
[debug] 
[debug] [2023-02-21T10:57:09.077Z] >>> [apiv2][query] GET https://firebase-public.firebaseio.com/cli.json [none]
[debug] [2023-02-21T10:57:09.168Z] > command requires scopes: ["email","openid","https://www.googleapis.com/auth/cloudplatformprojects.readonly","https://www.googleapis.com/auth/firebase","https://www.googleapis.com/auth/cloud-platform"]
[debug] [2023-02-21T10:57:09.168Z] > authorizing via signed-in user (nimovaccine@gmail.com)
[debug] [2023-02-21T10:57:09.168Z] [iam] checking project surveasy-workspace for permissions ["firebase.projects.get","firebasehosting.sites.update"]
[debug] [2023-02-21T10:57:09.169Z] > refreshing access token with scopes: []
[debug] [2023-02-21T10:57:09.170Z] >>> HTTP REQUEST POST https://www.googleapis.com/oauth2/v3/token  
 <request body omitted>
[debug] [2023-02-21T10:57:09.372Z] <<< HTTP RESPONSE 200 {"date":"Tue, 21 Feb 2023 10:57:09 GMT","pragma":"no-cache","cache-control":"no-cache, no-store, max-age=0, must-revalidate","expires":"Mon, 01 Jan 1990 00:00:00 GMT","content-type":"application/json; charset=utf-8","vary":"X-Origin, Referer, Origin,Accept-Encoding","server":"scaffolding on HTTPServer2","x-xss-protection":"0","x-frame-options":"SAMEORIGIN","x-content-type-options":"nosniff","alt-svc":"h3=\":443\"; ma=2592000,h3-29=\":443\"; ma=2592000","accept-ranges":"none","transfer-encoding":"chunked"}
[debug] [2023-02-21T10:57:09.387Z] >>> [apiv2][query] POST https://cloudresourcemanager.googleapis.com/v1/projects/surveasy-workspace:testIamPermissions [none]
[debug] [2023-02-21T10:57:09.387Z] >>> [apiv2][body] POST https://cloudresourcemanager.googleapis.com/v1/projects/surveasy-workspace:testIamPermissions {"permissions":["firebase.projects.get","firebasehosting.sites.update"]}
[debug] [2023-02-21T10:57:09.578Z] <<< [apiv2][status] GET https://firebase-public.firebaseio.com/cli.json 200
[debug] [2023-02-21T10:57:09.578Z] <<< [apiv2][body] GET https://firebase-public.firebaseio.com/cli.json {"cloudBuildErrorAfter":1594252800000,"cloudBuildWarnAfter":1590019200000,"defaultNode10After":1594252800000,"minVersion":"3.0.5","node8DeploysDisabledAfter":1613390400000,"node8RuntimeDisabledAfter":1615809600000,"node8WarnAfter":1600128000000}
[debug] [2023-02-21T10:57:10.608Z] <<< [apiv2][status] POST https://cloudresourcemanager.googleapis.com/v1/projects/surveasy-workspace:testIamPermissions 200
[debug] [2023-02-21T10:57:10.609Z] <<< [apiv2][body] POST https://cloudresourcemanager.googleapis.com/v1/projects/surveasy-workspace:testIamPermissions {}
[debug] [2023-02-21T10:57:10.609Z] [iam] error while checking permissions, command may fail: FirebaseError: Authorization failed. This account is missing the following required permissions on project surveasy-workspace:

  firebase.projects.get
  firebasehosting.sites.update
[debug] [2023-02-21T10:57:10.611Z] >>> [apiv2][query] GET https://firebase.googleapis.com/v1beta1/projects/surveasy-workspace [none]
[debug] [2023-02-21T10:57:11.117Z] <<< [apiv2][status] GET https://firebase.googleapis.com/v1beta1/projects/surveasy-workspace 403
[debug] [2023-02-21T10:57:11.117Z] <<< [apiv2][body] GET https://firebase.googleapis.com/v1beta1/projects/surveasy-workspace {"error":{"code":403,"message":"The caller does not have permission","status":"PERMISSION_DENIED"}}
[debug] [2023-02-21T10:57:11.118Z] HTTP Error: 403, The caller does not have permission
[debug] [2023-02-21T10:57:11.287Z] FirebaseError: HTTP Error: 403, The caller does not have permission
    at module.exports (C:\Users\seoya\AppData\Roaming\npm\node_modules\firebase-tools\lib\responseToError.js:38:12)
    at RetryOperation._fn (C:\Users\seoya\AppData\Roaming\npm\node_modules\firebase-tools\lib\apiv2.js:282:39)
    at processTicksAndRejections (node:internal/process/task_queues:96:5)
[error] 
[error] Error: Failed to get Firebase project surveasy-workspace. Please make sure the project exists and your account has permission to access it.
